# Logfile created on 2023-07-25 02:57:38 +0000 by logger.rb/v1.4.3
[2023-07-25T02:57:39+00:00] INFO: Started Cinc Zero at chefzero://localhost:1 with repository at /opt/gitlab/embedded (One version per cookbook)
[2023-07-25T02:57:39+00:00] INFO: *** Cinc Client 17.10.0 ***
[2023-07-25T02:57:39+00:00] INFO: Platform: x86_64-linux
[2023-07-25T02:57:39+00:00] INFO: Cinc-client pid: 29
[2023-07-25T02:57:40+00:00] INFO: Setting the run_list to ["recipe[gitlab]"] from CLI options
[2023-07-25T02:57:40+00:00] INFO: Run List is [recipe[gitlab]]
[2023-07-25T02:57:40+00:00] INFO: Run List expands to [gitlab]
[2023-07-25T02:57:40+00:00] INFO: Starting Cinc Client Run for localhost
[2023-07-25T02:57:40+00:00] INFO: Running start handlers
[2023-07-25T02:57:40+00:00] INFO: Start handlers complete.
[2023-07-25T02:57:41+00:00] INFO: Loading cookbooks [gitlab@0.0.1, package@0.1.0, logrotate@0.1.0, postgresql@0.1.0, redis@0.1.0, monitoring@0.1.0, registry@0.1.0, mattermost@0.1.0, consul@0.1.0, gitaly@0.1.0, praefect@0.1.0, gitlab-kas@0.1.0, gitlab-pages@0.1.0, letsencrypt@0.1.0, nginx@0.1.0, runit@5.1.7, acme@4.1.6, crond@0.1.0]
[2023-07-25T02:57:42+00:00] INFO: Generating default secrets
[2023-07-25T02:57:42+00:00] INFO: Generating gitlab-secrets.json file
[2023-07-25T02:57:43+00:00] WARN: gitlab-rails does not have a log_group or default logdir mode defined. Setting to 0700.
[2023-07-25T02:57:43+00:00] INFO: Skipped selecting an init system because it was explicitly disabled
[2023-07-25T02:57:43+00:00] WARN: gitlab-shell does not have a log_group or default logdir mode defined. Setting to 0700.
[2023-07-25T02:57:43+00:00] WARN: gitlab-sshd does not have a log_group or default logdir mode defined. Setting to 0700.
[2023-07-25T02:57:43+00:00] WARN: logrotate does not have a log_group or default logdir mode defined. Setting to 0700.
[2023-07-25T02:57:43+00:00] WARN: logrotate does not have a log_group or default logdir mode defined. Setting to 0700.
[2023-07-25T02:57:43+00:00] WARN: puma does not have a log_group or default logdir mode defined. Setting to 0700.
[2023-07-25T02:57:43+00:00] WARN: gitlab-rails does not have a log_group or default logdir mode defined. Setting to 0700.
[2023-07-25T02:57:43+00:00] WARN: gitlab-shell does not have a log_group or default logdir mode defined. Setting to 0700.
[2023-07-25T02:57:43+00:00] WARN: gitlab-workhorse does not have a log_group or default logdir mode defined. Setting to 0700.
[2023-07-25T02:57:43+00:00] WARN: gitlab-pages does not have a log_group or default logdir mode defined. Setting to 0700.
[2023-07-25T02:57:43+00:00] WARN: gitlab-kas does not have a log_group or default logdir mode defined. Setting to 0700.
[2023-07-25T02:57:43+00:00] WARN: gitaly does not have a log_group or default logdir mode defined. Setting to 0700.
[2023-07-25T02:57:43+00:00] WARN: mailroom does not have a log_group or default logdir mode defined. Setting to 0700.
[2023-07-25T02:57:43+00:00] WARN: gitaly does not have a log_group or default logdir mode defined. Setting to 0700.
[2023-07-25T02:57:43+00:00] WARN: postgresql does not have a log_group or default logdir mode defined. Setting to 0700.
[2023-07-25T02:57:43+00:00] WARN: postgresql does not have a log_group or default logdir mode defined. Setting to 0700.
[2023-07-25T02:57:43+00:00] WARN: gitlab-kas does not have a log_group or default logdir mode defined. Setting to 0700.
[2023-07-25T02:57:43+00:00] WARN: puma does not have a log_group or default logdir mode defined. Setting to 0700.
[2023-07-25T02:57:43+00:00] WARN: sidekiq does not have a log_group or default logdir mode defined. Setting to 0700.
[2023-07-25T02:57:43+00:00] WARN: gitlab-workhorse does not have a log_group or default logdir mode defined. Setting to 0700.
[2023-07-25T02:57:44+00:00] WARN: gitlab-exporter does not have a log_group or default logdir mode defined. Setting to 0700.
[2023-07-25T02:57:44+00:00] WARN: redis-exporter does not have a log_group or default logdir mode defined. Setting to 0700.
[2023-07-25T02:57:44+00:00] WARN: prometheus does not have a log_group or default logdir mode defined. Setting to 0700.
[2023-07-25T02:57:44+00:00] WARN: alertmanager does not have a log_group or default logdir mode defined. Setting to 0700.
[2023-07-25T02:57:44+00:00] WARN: postgres-exporter does not have a log_group or default logdir mode defined. Setting to 0700.
[2023-07-25T02:57:45+00:00] WARN: only_if block for templatesymlink[Create a gitlab_pages_secret and create a symlink to Rails root] returned a string, did you mean to run a command?
[2023-07-25T02:57:45+00:00] WARN: only_if block for templatesymlink[Create a gitlab_kas_secret and create a symlink to Rails root] returned a string, did you mean to run a command?
[2023-07-25T02:57:46+00:00] INFO: link[/opt/gitlab/service/logrotate] created
[2023-07-25T02:57:46+00:00] WARN: redis does not have a log_group or default logdir mode defined. Setting to 0700.
[2023-07-25T02:57:47+00:00] INFO: link[/opt/gitlab/service/redis] created
[2023-07-25T02:57:47+00:00] INFO: link[/opt/gitlab/service/gitaly] created
[2023-07-25T02:57:48+00:00] INFO: Running queued delayed notifications before re-raising exception
[2023-07-25T02:57:48+00:00] FATAL: Errno::EPIPE: Broken pipe @ io_writev - <STDOUT>
