{"severity":"INFO","time":"2023-08-01T00:16:52.170Z","correlation_id":"01H6Q77AR6MN7YPFFJJ09G0GDW","meta.caller_id":"SessionsController#create","meta.remote_ip":"172.24.0.1","meta.feature_category":"system_access","meta.user":"root","meta.user_id":1,"meta.client_id":"user/1","message":"Successful Login: username=root ip=172.24.0.1 method=standard admin=true"}
{"severity":"INFO","time":"2023-08-01T00:21:05.164Z","meta.caller_id":"Database::PartitionManagementWorker","correlation_id":"d09899cb6b381ff59b7aa8ae7adde731","meta.root_caller_id":"Cronjob","meta.feature_category":"database","meta.client_id":"ip/","message":"Syncing dynamic postgres partitions"}
{"severity":"DEBUG","time":"2023-08-01T00:21:05.177Z","meta.caller_id":"Database::PartitionManagementWorker","correlation_id":"d09899cb6b381ff59b7aa8ae7adde731","meta.root_caller_id":"Cronjob","meta.feature_category":"database","meta.client_id":"ip/","message":"Switched database connection","connection_name":"main"}
{"severity":"INFO","time":"2023-08-01T00:21:05.203Z","meta.caller_id":"Database::PartitionManagementWorker","correlation_id":"d09899cb6b381ff59b7aa8ae7adde731","meta.root_caller_id":"Cronjob","meta.feature_category":"database","meta.client_id":"ip/","message":"Checking state of dynamic postgres partitions","table_name":"audit_events","connection_name":"main"}
{"severity":"DEBUG","time":"2023-08-01T00:21:05.485Z","meta.caller_id":"Database::PartitionManagementWorker","correlation_id":"d09899cb6b381ff59b7aa8ae7adde731","meta.root_caller_id":"Cronjob","meta.feature_category":"database","meta.client_id":"ip/","message":"Switched database connection","connection_name":"main"}
{"severity":"INFO","time":"2023-08-01T00:21:06.038Z","meta.caller_id":"Database::PartitionManagementWorker","correlation_id":"d09899cb6b381ff59b7aa8ae7adde731","meta.root_caller_id":"Cronjob","meta.feature_category":"database","meta.client_id":"ip/","message":"Checking state of dynamic postgres partitions","table_name":"web_hook_logs","connection_name":"main"}
{"severity":"DEBUG","time":"2023-08-01T00:21:06.308Z","meta.caller_id":"Database::PartitionManagementWorker","correlation_id":"d09899cb6b381ff59b7aa8ae7adde731","meta.root_caller_id":"Cronjob","meta.feature_category":"database","meta.client_id":"ip/","message":"Switched database connection","connection_name":"main"}
{"severity":"INFO","time":"2023-08-01T00:21:06.327Z","meta.caller_id":"Database::PartitionManagementWorker","correlation_id":"d09899cb6b381ff59b7aa8ae7adde731","meta.root_caller_id":"Cronjob","meta.feature_category":"database","meta.client_id":"ip/","message":"Checking state of dynamic postgres partitions","table_name":"loose_foreign_keys_deleted_records","connection_name":"main"}
{"severity":"DEBUG","time":"2023-08-01T00:21:06.554Z","meta.caller_id":"Database::PartitionManagementWorker","correlation_id":"d09899cb6b381ff59b7aa8ae7adde731","meta.root_caller_id":"Cronjob","meta.feature_category":"database","meta.client_id":"ip/","message":"Switched database connection","connection_name":"ci"}
{"severity":"INFO","time":"2023-08-01T00:21:06.572Z","meta.caller_id":"Database::PartitionManagementWorker","correlation_id":"d09899cb6b381ff59b7aa8ae7adde731","meta.root_caller_id":"Cronjob","meta.feature_category":"database","meta.client_id":"ip/","message":"Checking state of dynamic postgres partitions","table_name":"loose_foreign_keys_deleted_records","connection_name":"ci"}
{"severity":"DEBUG","time":"2023-08-01T00:21:06.623Z","meta.caller_id":"Database::PartitionManagementWorker","correlation_id":"d09899cb6b381ff59b7aa8ae7adde731","meta.root_caller_id":"Cronjob","meta.feature_category":"database","meta.client_id":"ip/","message":"Switched database connection","connection_name":"main"}
{"severity":"INFO","time":"2023-08-01T00:21:06.631Z","meta.caller_id":"Database::PartitionManagementWorker","correlation_id":"d09899cb6b381ff59b7aa8ae7adde731","meta.root_caller_id":"Cronjob","meta.feature_category":"database","meta.client_id":"ip/","message":"Checking state of dynamic postgres partitions","table_name":"batched_background_migration_job_transition_logs","connection_name":"main"}
{"severity":"DEBUG","time":"2023-08-01T00:21:06.652Z","meta.caller_id":"Database::PartitionManagementWorker","correlation_id":"d09899cb6b381ff59b7aa8ae7adde731","meta.root_caller_id":"Cronjob","meta.feature_category":"database","meta.client_id":"ip/","message":"Switched database connection","connection_name":"ci"}
{"severity":"INFO","time":"2023-08-01T00:21:06.660Z","meta.caller_id":"Database::PartitionManagementWorker","correlation_id":"d09899cb6b381ff59b7aa8ae7adde731","meta.root_caller_id":"Cronjob","meta.feature_category":"database","meta.client_id":"ip/","message":"Checking state of dynamic postgres partitions","table_name":"batched_background_migration_job_transition_logs","connection_name":"ci"}
{"severity":"DEBUG","time":"2023-08-01T00:21:06.688Z","meta.caller_id":"Database::PartitionManagementWorker","correlation_id":"d09899cb6b381ff59b7aa8ae7adde731","meta.root_caller_id":"Cronjob","meta.feature_category":"database","meta.client_id":"ip/","message":"Switched database connection","connection_name":"ci"}
{"severity":"INFO","time":"2023-08-01T00:21:06.701Z","meta.caller_id":"Database::PartitionManagementWorker","correlation_id":"d09899cb6b381ff59b7aa8ae7adde731","meta.root_caller_id":"Cronjob","meta.feature_category":"database","meta.client_id":"ip/","message":"Checking state of dynamic postgres partitions","table_name":"p_ci_runner_machine_builds","connection_name":"ci"}
{"severity":"DEBUG","time":"2023-08-01T00:21:06.714Z","meta.caller_id":"Database::PartitionManagementWorker","correlation_id":"d09899cb6b381ff59b7aa8ae7adde731","meta.root_caller_id":"Cronjob","meta.feature_category":"database","meta.client_id":"ip/","message":"Switched database connection","connection_name":"ci"}
{"severity":"INFO","time":"2023-08-01T00:21:06.722Z","meta.caller_id":"Database::PartitionManagementWorker","correlation_id":"d09899cb6b381ff59b7aa8ae7adde731","meta.root_caller_id":"Cronjob","meta.feature_category":"database","meta.client_id":"ip/","message":"Checking state of dynamic postgres partitions","table_name":"p_ci_job_annotations","connection_name":"ci"}
{"severity":"DEBUG","time":"2023-08-01T00:21:06.735Z","meta.caller_id":"Database::PartitionManagementWorker","correlation_id":"d09899cb6b381ff59b7aa8ae7adde731","meta.root_caller_id":"Cronjob","meta.feature_category":"database","meta.client_id":"ip/","message":"Switched database connection","connection_name":"main"}
{"severity":"INFO","time":"2023-08-01T00:21:06.744Z","meta.caller_id":"Database::PartitionManagementWorker","correlation_id":"d09899cb6b381ff59b7aa8ae7adde731","meta.root_caller_id":"Cronjob","meta.feature_category":"database","meta.client_id":"ip/","message":"Checking state of dynamic postgres partitions","table_name":"incident_management_pending_alert_escalations","connection_name":"main"}
{"severity":"DEBUG","time":"2023-08-01T00:21:06.765Z","meta.caller_id":"Database::PartitionManagementWorker","correlation_id":"d09899cb6b381ff59b7aa8ae7adde731","meta.root_caller_id":"Cronjob","meta.feature_category":"database","meta.client_id":"ip/","message":"Switched database connection","connection_name":"main"}
{"severity":"INFO","time":"2023-08-01T00:21:06.773Z","meta.caller_id":"Database::PartitionManagementWorker","correlation_id":"d09899cb6b381ff59b7aa8ae7adde731","meta.root_caller_id":"Cronjob","meta.feature_category":"database","meta.client_id":"ip/","message":"Checking state of dynamic postgres partitions","table_name":"incident_management_pending_issue_escalations","connection_name":"main"}
{"severity":"DEBUG","time":"2023-08-01T00:21:06.790Z","meta.caller_id":"Database::PartitionManagementWorker","correlation_id":"d09899cb6b381ff59b7aa8ae7adde731","meta.root_caller_id":"Cronjob","meta.feature_category":"database","meta.client_id":"ip/","message":"Switched database connection","connection_name":"main"}
{"severity":"INFO","time":"2023-08-01T00:21:06.797Z","meta.caller_id":"Database::PartitionManagementWorker","correlation_id":"d09899cb6b381ff59b7aa8ae7adde731","meta.root_caller_id":"Cronjob","meta.feature_category":"database","meta.client_id":"ip/","message":"Checking state of dynamic postgres partitions","table_name":"verification_codes","connection_name":"main"}
{"severity":"DEBUG","time":"2023-08-01T00:21:06.814Z","meta.caller_id":"Database::PartitionManagementWorker","correlation_id":"d09899cb6b381ff59b7aa8ae7adde731","meta.root_caller_id":"Cronjob","meta.feature_category":"database","meta.client_id":"ip/","message":"Switched database connection","connection_name":"main"}
{"severity":"DEBUG","time":"2023-08-01T00:21:06.815Z","meta.caller_id":"Database::PartitionManagementWorker","correlation_id":"d09899cb6b381ff59b7aa8ae7adde731","meta.root_caller_id":"Cronjob","meta.feature_category":"database","meta.client_id":"ip/","message":"Switched database connection","connection_name":"main"}
{"severity":"DEBUG","time":"2023-08-01T00:21:06.815Z","meta.caller_id":"Database::PartitionManagementWorker","correlation_id":"d09899cb6b381ff59b7aa8ae7adde731","meta.root_caller_id":"Cronjob","meta.feature_category":"database","meta.client_id":"ip/","message":"Switched database connection","connection_name":"main"}
{"severity":"INFO","time":"2023-08-01T00:21:06.821Z","meta.caller_id":"Database::PartitionManagementWorker","correlation_id":"d09899cb6b381ff59b7aa8ae7adde731","meta.root_caller_id":"Cronjob","meta.feature_category":"database","meta.client_id":"ip/","message":"Checking state of dynamic postgres partitions","table_name":"p_ci_runner_machine_builds","connection_name":"main"}
{"severity":"DEBUG","time":"2023-08-01T00:21:06.835Z","meta.caller_id":"Database::PartitionManagementWorker","correlation_id":"d09899cb6b381ff59b7aa8ae7adde731","meta.root_caller_id":"Cronjob","meta.feature_category":"database","meta.client_id":"ip/","message":"Switched database connection","connection_name":"main"}
{"severity":"INFO","time":"2023-08-01T00:21:06.843Z","meta.caller_id":"Database::PartitionManagementWorker","correlation_id":"d09899cb6b381ff59b7aa8ae7adde731","meta.root_caller_id":"Cronjob","meta.feature_category":"database","meta.client_id":"ip/","message":"Checking state of dynamic postgres partitions","table_name":"p_ci_job_annotations","connection_name":"main"}
{"severity":"DEBUG","time":"2023-08-01T00:21:06.858Z","meta.caller_id":"Database::PartitionManagementWorker","correlation_id":"d09899cb6b381ff59b7aa8ae7adde731","meta.root_caller_id":"Cronjob","meta.feature_category":"database","meta.client_id":"ip/","message":"Switched database connection","connection_name":"main"}
{"severity":"DEBUG","time":"2023-08-01T00:21:06.858Z","meta.caller_id":"Database::PartitionManagementWorker","correlation_id":"d09899cb6b381ff59b7aa8ae7adde731","meta.root_caller_id":"Cronjob","meta.feature_category":"database","meta.client_id":"ip/","message":"Switched database connection","connection_name":"main"}
{"severity":"DEBUG","time":"2023-08-01T00:21:06.859Z","meta.caller_id":"Database::PartitionManagementWorker","correlation_id":"d09899cb6b381ff59b7aa8ae7adde731","meta.root_caller_id":"Cronjob","meta.feature_category":"database","meta.client_id":"ip/","message":"Switched database connection","connection_name":"main"}
{"severity":"INFO","time":"2023-08-01T00:21:06.859Z","meta.caller_id":"Database::PartitionManagementWorker","correlation_id":"d09899cb6b381ff59b7aa8ae7adde731","meta.root_caller_id":"Cronjob","meta.feature_category":"database","meta.client_id":"ip/","message":"Finished sync of dynamic postgres partitions"}
{"severity":"DEBUG","time":"2023-08-01T00:21:06.859Z","meta.caller_id":"Database::PartitionManagementWorker","correlation_id":"d09899cb6b381ff59b7aa8ae7adde731","meta.root_caller_id":"Cronjob","meta.feature_category":"database","meta.client_id":"ip/","message":"Switched database connection","connection_name":"main"}
{"severity":"DEBUG","time":"2023-08-01T00:21:06.871Z","meta.caller_id":"Database::PartitionManagementWorker","correlation_id":"d09899cb6b381ff59b7aa8ae7adde731","meta.root_caller_id":"Cronjob","meta.feature_category":"database","meta.client_id":"ip/","message":"Switched database connection","connection_name":"main"}
{"severity":"DEBUG","time":"2023-08-01T00:21:06.881Z","meta.caller_id":"Database::PartitionManagementWorker","correlation_id":"d09899cb6b381ff59b7aa8ae7adde731","meta.root_caller_id":"Cronjob","meta.feature_category":"database","meta.client_id":"ip/","message":"Switched database connection","connection_name":"main"}
{"severity":"DEBUG","time":"2023-08-01T00:21:06.888Z","meta.caller_id":"Database::PartitionManagementWorker","correlation_id":"d09899cb6b381ff59b7aa8ae7adde731","meta.root_caller_id":"Cronjob","meta.feature_category":"database","meta.client_id":"ip/","message":"Switched database connection","connection_name":"ci"}
{"severity":"DEBUG","time":"2023-08-01T00:21:06.893Z","meta.caller_id":"Database::PartitionManagementWorker","correlation_id":"d09899cb6b381ff59b7aa8ae7adde731","meta.root_caller_id":"Cronjob","meta.feature_category":"database","meta.client_id":"ip/","message":"Switched database connection","connection_name":"main"}
{"severity":"DEBUG","time":"2023-08-01T00:21:06.903Z","meta.caller_id":"Database::PartitionManagementWorker","correlation_id":"d09899cb6b381ff59b7aa8ae7adde731","meta.root_caller_id":"Cronjob","meta.feature_category":"database","meta.client_id":"ip/","message":"Switched database connection","connection_name":"ci"}
{"severity":"DEBUG","time":"2023-08-01T00:21:06.912Z","meta.caller_id":"Database::PartitionManagementWorker","correlation_id":"d09899cb6b381ff59b7aa8ae7adde731","meta.root_caller_id":"Cronjob","meta.feature_category":"database","meta.client_id":"ip/","message":"Switched database connection","connection_name":"ci"}
{"severity":"DEBUG","time":"2023-08-01T00:21:06.916Z","meta.caller_id":"Database::PartitionManagementWorker","correlation_id":"d09899cb6b381ff59b7aa8ae7adde731","meta.root_caller_id":"Cronjob","meta.feature_category":"database","meta.client_id":"ip/","message":"Switched database connection","connection_name":"ci"}
{"severity":"DEBUG","time":"2023-08-01T18:16:42.373Z","message":"ActiveRecord connection established"}
{"severity":"WARN","time":"2023-08-01T18:16:48.659Z","message":"Gitlab::Metrics::Samplers::DatabaseSampler: undefined method `load_balancer' for ActiveRecord::Base:Class, stopping"}
{"severity":"INFO","time":"2023-08-01T18:16:48.906Z","message":"Syncing dynamic postgres partitions"}
{"severity":"DEBUG","time":"2023-08-01T18:16:48.911Z","message":"Switched database connection","connection_name":"main"}
{"severity":"INFO","time":"2023-08-01T18:16:48.930Z","message":"Syncing dynamic postgres partitions"}
{"severity":"DEBUG","time":"2023-08-01T18:16:48.935Z","message":"Switched database connection","connection_name":"main"}
{"severity":"INFO","time":"2023-08-01T18:16:48.939Z","message":"Checking state of dynamic postgres partitions","table_name":"audit_events","connection_name":"main"}
{"severity":"INFO","time":"2023-08-01T18:16:48.959Z","message":"Checking state of dynamic postgres partitions","table_name":"audit_events","connection_name":"main"}
{"severity":"DEBUG","time":"2023-08-01T18:16:48.962Z","message":"Switched database connection","connection_name":"main"}
{"severity":"INFO","time":"2023-08-01T18:16:48.969Z","message":"Checking state of dynamic postgres partitions","table_name":"web_hook_logs","connection_name":"main"}
{"severity":"DEBUG","time":"2023-08-01T18:16:49.036Z","message":"Switched database connection","connection_name":"main"}
{"severity":"DEBUG","time":"2023-08-01T18:16:49.045Z","message":"Switched database connection","connection_name":"main"}
{"severity":"INFO","time":"2023-08-01T18:16:49.051Z","message":"Checking state of dynamic postgres partitions","table_name":"web_hook_logs","connection_name":"main"}
{"severity":"INFO","time":"2023-08-01T18:16:49.055Z","message":"Checking state of dynamic postgres partitions","table_name":"loose_foreign_keys_deleted_records","connection_name":"main"}
{"severity":"DEBUG","time":"2023-08-01T18:16:49.116Z","message":"Switched database connection","connection_name":"main"}
{"severity":"INFO","time":"2023-08-01T18:16:49.127Z","message":"Checking state of dynamic postgres partitions","table_name":"loose_foreign_keys_deleted_records","connection_name":"main"}
{"severity":"DEBUG","time":"2023-08-01T18:16:49.128Z","message":"Switched database connection","connection_name":"ci"}
{"severity":"INFO","time":"2023-08-01T18:16:49.154Z","message":"Checking state of dynamic postgres partitions","table_name":"loose_foreign_keys_deleted_records","connection_name":"ci"}
{"severity":"DEBUG","time":"2023-08-01T18:16:49.155Z","message":"Switched database connection","connection_name":"main"}
{"severity":"INFO","time":"2023-08-01T18:16:49.166Z","message":"Checking state of dynamic postgres partitions","table_name":"batched_background_migration_job_transition_logs","connection_name":"main"}
{"severity":"DEBUG","time":"2023-08-01T18:16:49.177Z","message":"Switched database connection","connection_name":"ci"}
{"severity":"INFO","time":"2023-08-01T18:16:49.179Z","message":"Syncing dynamic postgres partitions"}
{"severity":"DEBUG","time":"2023-08-01T18:16:49.183Z","message":"Switched database connection","connection_name":"main"}
{"severity":"INFO","time":"2023-08-01T18:16:49.198Z","message":"Checking state of dynamic postgres partitions","table_name":"loose_foreign_keys_deleted_records","connection_name":"ci"}
{"severity":"INFO","time":"2023-08-01T18:16:49.220Z","message":"Checking state of dynamic postgres partitions","table_name":"audit_events","connection_name":"main"}
{"severity":"DEBUG","time":"2023-08-01T18:16:49.224Z","message":"Switched database connection","connection_name":"ci"}
{"severity":"INFO","time":"2023-08-01T18:16:49.230Z","message":"Checking state of dynamic postgres partitions","table_name":"batched_background_migration_job_transition_logs","connection_name":"ci"}
{"severity":"DEBUG","time":"2023-08-01T18:16:49.273Z","message":"Switched database connection","connection_name":"ci"}
{"severity":"DEBUG","time":"2023-08-01T18:16:49.281Z","message":"Switched database connection","connection_name":"main"}
{"severity":"INFO","time":"2023-08-01T18:16:49.283Z","message":"Checking state of dynamic postgres partitions","table_name":"p_ci_runner_machine_builds","connection_name":"ci"}
{"severity":"INFO","time":"2023-08-01T18:16:49.291Z","message":"Checking state of dynamic postgres partitions","table_name":"batched_background_migration_job_transition_logs","connection_name":"main"}
{"severity":"DEBUG","time":"2023-08-01T18:16:49.292Z","message":"Switched database connection","connection_name":"main"}
{"severity":"INFO","time":"2023-08-01T18:16:49.299Z","message":"Checking state of dynamic postgres partitions","table_name":"web_hook_logs","connection_name":"main"}
{"severity":"DEBUG","time":"2023-08-01T18:16:49.319Z","message":"Switched database connection","connection_name":"ci"}
{"severity":"INFO","time":"2023-08-01T18:16:49.328Z","message":"Checking state of dynamic postgres partitions","table_name":"p_ci_job_annotations","connection_name":"ci"}
{"severity":"DEBUG","time":"2023-08-01T18:16:49.347Z","message":"Switched database connection","connection_name":"ci"}
{"severity":"DEBUG","time":"2023-08-01T18:16:49.354Z","message":"Switched database connection","connection_name":"main"}
{"severity":"INFO","time":"2023-08-01T18:16:49.357Z","message":"Checking state of dynamic postgres partitions","table_name":"batched_background_migration_job_transition_logs","connection_name":"ci"}
{"severity":"DEBUG","time":"2023-08-01T18:16:49.364Z","message":"Switched database connection","connection_name":"main"}
{"severity":"INFO","time":"2023-08-01T18:16:49.364Z","message":"Checking state of dynamic postgres partitions","table_name":"loose_foreign_keys_deleted_records","connection_name":"main"}
{"severity":"INFO","time":"2023-08-01T18:16:49.373Z","message":"Checking state of dynamic postgres partitions","table_name":"incident_management_pending_alert_escalations","connection_name":"main"}
{"severity":"DEBUG","time":"2023-08-01T18:16:49.399Z","message":"Switched database connection","connection_name":"ci"}
{"severity":"INFO","time":"2023-08-01T18:16:49.405Z","message":"Checking state of dynamic postgres partitions","table_name":"p_ci_runner_machine_builds","connection_name":"ci"}
{"severity":"DEBUG","time":"2023-08-01T18:16:49.423Z","message":"Switched database connection","connection_name":"ci"}
{"severity":"INFO","time":"2023-08-01T18:16:49.428Z","message":"Checking state of dynamic postgres partitions","table_name":"p_ci_job_annotations","connection_name":"ci"}
{"severity":"DEBUG","time":"2023-08-01T18:16:49.434Z","message":"Switched database connection","connection_name":"main"}
{"severity":"INFO","time":"2023-08-01T18:16:49.440Z","message":"Checking state of dynamic postgres partitions","table_name":"incident_management_pending_issue_escalations","connection_name":"main"}
{"severity":"DEBUG","time":"2023-08-01T18:16:49.455Z","message":"Switched database connection","connection_name":"main"}
{"severity":"DEBUG","time":"2023-08-01T18:16:49.460Z","message":"Switched database connection","connection_name":"ci"}
{"severity":"INFO","time":"2023-08-01T18:16:49.466Z","message":"Checking state of dynamic postgres partitions","table_name":"incident_management_pending_alert_escalations","connection_name":"main"}
{"severity":"INFO","time":"2023-08-01T18:16:49.478Z","message":"Checking state of dynamic postgres partitions","table_name":"loose_foreign_keys_deleted_records","connection_name":"ci"}
{"severity":"DEBUG","time":"2023-08-01T18:16:49.497Z","message":"Switched database connection","connection_name":"main"}
{"severity":"INFO","time":"2023-08-01T18:16:49.507Z","message":"Checking state of dynamic postgres partitions","table_name":"verification_codes","connection_name":"main"}
{"severity":"DEBUG","time":"2023-08-01T18:16:49.528Z","message":"Switched database connection","connection_name":"main"}
{"severity":"INFO","time":"2023-08-01T18:16:49.534Z","message":"Checking state of dynamic postgres partitions","table_name":"incident_management_pending_issue_escalations","connection_name":"main"}
{"severity":"DEBUG","time":"2023-08-01T18:16:49.554Z","message":"Switched database connection","connection_name":"main"}
{"severity":"DEBUG","time":"2023-08-01T18:16:49.557Z","message":"Switched database connection","connection_name":"main"}
{"severity":"DEBUG","time":"2023-08-01T18:16:49.557Z","message":"Switched database connection","connection_name":"main"}
{"severity":"DEBUG","time":"2023-08-01T18:16:49.558Z","message":"Switched database connection","connection_name":"main"}
{"severity":"INFO","time":"2023-08-01T18:16:49.563Z","message":"Checking state of dynamic postgres partitions","table_name":"batched_background_migration_job_transition_logs","connection_name":"main"}
{"severity":"INFO","time":"2023-08-01T18:16:49.565Z","message":"Checking state of dynamic postgres partitions","table_name":"p_ci_runner_machine_builds","connection_name":"main"}
{"severity":"DEBUG","time":"2023-08-01T18:16:49.583Z","message":"Switched database connection","connection_name":"main"}
{"severity":"INFO","time":"2023-08-01T18:16:49.589Z","message":"Checking state of dynamic postgres partitions","table_name":"p_ci_job_annotations","connection_name":"main"}
{"severity":"DEBUG","time":"2023-08-01T18:16:49.593Z","message":"Switched database connection","connection_name":"main"}
{"severity":"INFO","time":"2023-08-01T18:16:49.604Z","message":"Checking state of dynamic postgres partitions","table_name":"verification_codes","connection_name":"main"}
{"severity":"DEBUG","time":"2023-08-01T18:16:49.609Z","message":"Switched database connection","connection_name":"main"}
{"severity":"DEBUG","time":"2023-08-01T18:16:49.610Z","message":"Switched database connection","connection_name":"main"}
{"severity":"DEBUG","time":"2023-08-01T18:16:49.610Z","message":"Switched database connection","connection_name":"main"}
{"severity":"INFO","time":"2023-08-01T18:16:49.610Z","message":"Finished sync of dynamic postgres partitions"}
{"severity":"DEBUG","time":"2023-08-01T18:16:49.618Z","message":"Switched database connection","connection_name":"ci"}
{"severity":"INFO","time":"2023-08-01T18:16:49.628Z","message":"Checking state of dynamic postgres partitions","table_name":"batched_background_migration_job_transition_logs","connection_name":"ci"}
{"severity":"DEBUG","time":"2023-08-01T18:16:49.659Z","message":"Switched database connection","connection_name":"main"}
{"severity":"DEBUG","time":"2023-08-01T18:16:49.659Z","message":"Switched database connection","connection_name":"main"}
{"severity":"DEBUG","time":"2023-08-01T18:16:49.660Z","message":"Switched database connection","connection_name":"main"}
{"severity":"INFO","time":"2023-08-01T18:16:49.669Z","message":"Checking state of dynamic postgres partitions","table_name":"p_ci_runner_machine_builds","connection_name":"main"}
{"severity":"DEBUG","time":"2023-08-01T18:16:49.693Z","message":"Switched database connection","connection_name":"ci"}
{"severity":"DEBUG","time":"2023-08-01T18:16:49.695Z","message":"Switched database connection","connection_name":"main"}
{"severity":"INFO","time":"2023-08-01T18:16:49.702Z","message":"Checking state of dynamic postgres partitions","table_name":"p_ci_job_annotations","connection_name":"main"}
{"severity":"INFO","time":"2023-08-01T18:16:49.704Z","message":"Checking state of dynamic postgres partitions","table_name":"p_ci_runner_machine_builds","connection_name":"ci"}
{"severity":"DEBUG","time":"2023-08-01T18:16:49.721Z","message":"Switched database connection","connection_name":"main"}
{"severity":"DEBUG","time":"2023-08-01T18:16:49.722Z","message":"Switched database connection","connection_name":"main"}
{"severity":"DEBUG","time":"2023-08-01T18:16:49.722Z","message":"Switched database connection","connection_name":"main"}
{"severity":"INFO","time":"2023-08-01T18:16:49.722Z","message":"Finished sync of dynamic postgres partitions"}
{"severity":"DEBUG","time":"2023-08-01T18:16:49.731Z","message":"Switched database connection","connection_name":"ci"}
{"severity":"INFO","time":"2023-08-01T18:16:49.741Z","message":"Checking state of dynamic postgres partitions","table_name":"p_ci_job_annotations","connection_name":"ci"}
{"severity":"DEBUG","time":"2023-08-01T18:16:49.768Z","message":"Switched database connection","connection_name":"main"}
{"severity":"INFO","time":"2023-08-01T18:16:49.779Z","message":"Checking state of dynamic postgres partitions","table_name":"incident_management_pending_alert_escalations","connection_name":"main"}
{"severity":"DEBUG","time":"2023-08-01T18:16:49.847Z","message":"Switched database connection","connection_name":"main"}
{"severity":"INFO","time":"2023-08-01T18:16:49.858Z","message":"Checking state of dynamic postgres partitions","table_name":"incident_management_pending_issue_escalations","connection_name":"main"}
{"severity":"DEBUG","time":"2023-08-01T18:16:49.935Z","message":"Switched database connection","connection_name":"main"}
{"severity":"INFO","time":"2023-08-01T18:16:49.948Z","message":"Checking state of dynamic postgres partitions","table_name":"verification_codes","connection_name":"main"}
{"severity":"DEBUG","time":"2023-08-01T18:16:50.013Z","message":"Switched database connection","connection_name":"main"}
{"severity":"DEBUG","time":"2023-08-01T18:16:50.013Z","message":"Switched database connection","connection_name":"main"}
{"severity":"DEBUG","time":"2023-08-01T18:16:50.014Z","message":"Switched database connection","connection_name":"main"}
{"severity":"INFO","time":"2023-08-01T18:16:50.023Z","message":"Checking state of dynamic postgres partitions","table_name":"p_ci_runner_machine_builds","connection_name":"main"}
{"severity":"DEBUG","time":"2023-08-01T18:16:50.052Z","message":"Switched database connection","connection_name":"main"}
{"severity":"INFO","time":"2023-08-01T18:16:50.062Z","message":"Checking state of dynamic postgres partitions","table_name":"p_ci_job_annotations","connection_name":"main"}
{"severity":"DEBUG","time":"2023-08-01T18:16:50.088Z","message":"Switched database connection","connection_name":"main"}
{"severity":"DEBUG","time":"2023-08-01T18:16:50.089Z","message":"Switched database connection","connection_name":"main"}
{"severity":"DEBUG","time":"2023-08-01T18:16:50.089Z","message":"Switched database connection","connection_name":"main"}
{"severity":"INFO","time":"2023-08-01T18:16:50.089Z","message":"Finished sync of dynamic postgres partitions"}
{"severity":"INFO","time":"2023-08-01T18:17:15.260Z","message":"Application boot finished","runtime":"sidekiq","duration_s":69.287003917}
{"severity":"DEBUG","time":"2023-08-01T18:17:29.680Z","message":"ActiveRecord connections disconnected"}
{"severity":"INFO","time":"2023-08-01T18:17:29.680Z","message":"Application boot finished","runtime":"puma","duration_s":89.80770657099998}
{"severity":"DEBUG","time":"2023-08-01T18:17:30.601Z","message":"ActiveRecord connection established"}
{"severity":"DEBUG","time":"2023-08-01T18:17:30.616Z","message":"ActiveRecord connection established"}
{"severity":"DEBUG","time":"2023-08-01T18:17:30.646Z","message":"ActiveRecord connection established"}
{"severity":"INFO","time":"2023-08-01T18:17:30.655Z","message":"started","memwd_handler_class":"Gitlab::Memory::Watchdog::Handlers::PumaHandler","memwd_sleep_time_s":60,"pid":534,"worker_id":"puma_2","memwd_rss_bytes":753299456}
{"severity":"INFO","time":"2023-08-01T18:17:30.658Z","message":"started","memwd_handler_class":"Gitlab::Memory::Watchdog::Handlers::PumaHandler","memwd_sleep_time_s":60,"pid":530,"worker_id":"puma_0","memwd_rss_bytes":760590336}
{"severity":"DEBUG","time":"2023-08-01T18:17:30.677Z","message":"ActiveRecord connection established"}
{"severity":"INFO","time":"2023-08-01T18:17:30.680Z","message":"started","memwd_handler_class":"Gitlab::Memory::Watchdog::Handlers::PumaHandler","memwd_sleep_time_s":60,"pid":532,"worker_id":"puma_1","memwd_rss_bytes":758657024}
{"severity":"INFO","time":"2023-08-01T18:17:30.702Z","message":"started","memwd_handler_class":"Gitlab::Memory::Watchdog::Handlers::PumaHandler","memwd_sleep_time_s":60,"pid":536,"worker_id":"puma_3","memwd_rss_bytes":758390784}
{"severity":"INFO","time":"2023-08-01T18:21:06.483Z","meta.caller_id":"Database::PartitionManagementWorker","correlation_id":"0dcea0ca28f7a852a87380a82bca9bd3","meta.root_caller_id":"Cronjob","meta.feature_category":"database","meta.client_id":"ip/","message":"Syncing dynamic postgres partitions"}
{"severity":"DEBUG","time":"2023-08-01T18:21:06.491Z","meta.caller_id":"Database::PartitionManagementWorker","correlation_id":"0dcea0ca28f7a852a87380a82bca9bd3","meta.root_caller_id":"Cronjob","meta.feature_category":"database","meta.client_id":"ip/","message":"Switched database connection","connection_name":"main"}
{"severity":"INFO","time":"2023-08-01T18:21:06.531Z","meta.caller_id":"Database::PartitionManagementWorker","correlation_id":"0dcea0ca28f7a852a87380a82bca9bd3","meta.root_caller_id":"Cronjob","meta.feature_category":"database","meta.client_id":"ip/","message":"Checking state of dynamic postgres partitions","table_name":"audit_events","connection_name":"main"}
{"severity":"DEBUG","time":"2023-08-01T18:21:06.679Z","meta.caller_id":"Database::PartitionManagementWorker","correlation_id":"0dcea0ca28f7a852a87380a82bca9bd3","meta.root_caller_id":"Cronjob","meta.feature_category":"database","meta.client_id":"ip/","message":"Switched database connection","connection_name":"main"}
{"severity":"INFO","time":"2023-08-01T18:21:06.742Z","meta.caller_id":"Database::PartitionManagementWorker","correlation_id":"0dcea0ca28f7a852a87380a82bca9bd3","meta.root_caller_id":"Cronjob","meta.feature_category":"database","meta.client_id":"ip/","message":"Checking state of dynamic postgres partitions","table_name":"web_hook_logs","connection_name":"main"}
{"severity":"DEBUG","time":"2023-08-01T18:21:06.969Z","meta.caller_id":"Database::PartitionManagementWorker","correlation_id":"0dcea0ca28f7a852a87380a82bca9bd3","meta.root_caller_id":"Cronjob","meta.feature_category":"database","meta.client_id":"ip/","message":"Switched database connection","connection_name":"main"}
{"severity":"INFO","time":"2023-08-01T18:21:06.982Z","meta.caller_id":"Database::PartitionManagementWorker","correlation_id":"0dcea0ca28f7a852a87380a82bca9bd3","meta.root_caller_id":"Cronjob","meta.feature_category":"database","meta.client_id":"ip/","message":"Checking state of dynamic postgres partitions","table_name":"loose_foreign_keys_deleted_records","connection_name":"main"}
{"severity":"DEBUG","time":"2023-08-01T18:21:07.041Z","meta.caller_id":"Database::PartitionManagementWorker","correlation_id":"0dcea0ca28f7a852a87380a82bca9bd3","meta.root_caller_id":"Cronjob","meta.feature_category":"database","meta.client_id":"ip/","message":"Switched database connection","connection_name":"ci"}
{"severity":"INFO","time":"2023-08-01T18:21:07.057Z","meta.caller_id":"Database::PartitionManagementWorker","correlation_id":"0dcea0ca28f7a852a87380a82bca9bd3","meta.root_caller_id":"Cronjob","meta.feature_category":"database","meta.client_id":"ip/","message":"Checking state of dynamic postgres partitions","table_name":"loose_foreign_keys_deleted_records","connection_name":"ci"}
{"severity":"DEBUG","time":"2023-08-01T18:21:07.105Z","meta.caller_id":"Database::PartitionManagementWorker","correlation_id":"0dcea0ca28f7a852a87380a82bca9bd3","meta.root_caller_id":"Cronjob","meta.feature_category":"database","meta.client_id":"ip/","message":"Switched database connection","connection_name":"main"}
{"severity":"INFO","time":"2023-08-01T18:21:07.119Z","meta.caller_id":"Database::PartitionManagementWorker","correlation_id":"0dcea0ca28f7a852a87380a82bca9bd3","meta.root_caller_id":"Cronjob","meta.feature_category":"database","meta.client_id":"ip/","message":"Checking state of dynamic postgres partitions","table_name":"batched_background_migration_job_transition_logs","connection_name":"main"}
{"severity":"DEBUG","time":"2023-08-01T18:21:07.158Z","meta.caller_id":"Database::PartitionManagementWorker","correlation_id":"0dcea0ca28f7a852a87380a82bca9bd3","meta.root_caller_id":"Cronjob","meta.feature_category":"database","meta.client_id":"ip/","message":"Switched database connection","connection_name":"ci"}
{"severity":"INFO","time":"2023-08-01T18:21:07.172Z","meta.caller_id":"Database::PartitionManagementWorker","correlation_id":"0dcea0ca28f7a852a87380a82bca9bd3","meta.root_caller_id":"Cronjob","meta.feature_category":"database","meta.client_id":"ip/","message":"Checking state of dynamic postgres partitions","table_name":"batched_background_migration_job_transition_logs","connection_name":"ci"}
{"severity":"DEBUG","time":"2023-08-01T18:21:07.211Z","meta.caller_id":"Database::PartitionManagementWorker","correlation_id":"0dcea0ca28f7a852a87380a82bca9bd3","meta.root_caller_id":"Cronjob","meta.feature_category":"database","meta.client_id":"ip/","message":"Switched database connection","connection_name":"ci"}
{"severity":"INFO","time":"2023-08-01T18:21:07.225Z","meta.caller_id":"Database::PartitionManagementWorker","correlation_id":"0dcea0ca28f7a852a87380a82bca9bd3","meta.root_caller_id":"Cronjob","meta.feature_category":"database","meta.client_id":"ip/","message":"Checking state of dynamic postgres partitions","table_name":"p_ci_runner_machine_builds","connection_name":"ci"}
{"severity":"DEBUG","time":"2023-08-01T18:21:07.250Z","meta.caller_id":"Database::PartitionManagementWorker","correlation_id":"0dcea0ca28f7a852a87380a82bca9bd3","meta.root_caller_id":"Cronjob","meta.feature_category":"database","meta.client_id":"ip/","message":"Switched database connection","connection_name":"ci"}
{"severity":"INFO","time":"2023-08-01T18:21:07.264Z","meta.caller_id":"Database::PartitionManagementWorker","correlation_id":"0dcea0ca28f7a852a87380a82bca9bd3","meta.root_caller_id":"Cronjob","meta.feature_category":"database","meta.client_id":"ip/","message":"Checking state of dynamic postgres partitions","table_name":"p_ci_job_annotations","connection_name":"ci"}
{"severity":"DEBUG","time":"2023-08-01T18:21:07.289Z","meta.caller_id":"Database::PartitionManagementWorker","correlation_id":"0dcea0ca28f7a852a87380a82bca9bd3","meta.root_caller_id":"Cronjob","meta.feature_category":"database","meta.client_id":"ip/","message":"Switched database connection","connection_name":"main"}
{"severity":"INFO","time":"2023-08-01T18:21:07.303Z","meta.caller_id":"Database::PartitionManagementWorker","correlation_id":"0dcea0ca28f7a852a87380a82bca9bd3","meta.root_caller_id":"Cronjob","meta.feature_category":"database","meta.client_id":"ip/","message":"Checking state of dynamic postgres partitions","table_name":"incident_management_pending_alert_escalations","connection_name":"main"}
{"severity":"DEBUG","time":"2023-08-01T18:21:07.338Z","meta.caller_id":"Database::PartitionManagementWorker","correlation_id":"0dcea0ca28f7a852a87380a82bca9bd3","meta.root_caller_id":"Cronjob","meta.feature_category":"database","meta.client_id":"ip/","message":"Switched database connection","connection_name":"main"}
{"severity":"INFO","time":"2023-08-01T18:21:07.352Z","meta.caller_id":"Database::PartitionManagementWorker","correlation_id":"0dcea0ca28f7a852a87380a82bca9bd3","meta.root_caller_id":"Cronjob","meta.feature_category":"database","meta.client_id":"ip/","message":"Checking state of dynamic postgres partitions","table_name":"incident_management_pending_issue_escalations","connection_name":"main"}
{"severity":"DEBUG","time":"2023-08-01T18:21:07.387Z","meta.caller_id":"Database::PartitionManagementWorker","correlation_id":"0dcea0ca28f7a852a87380a82bca9bd3","meta.root_caller_id":"Cronjob","meta.feature_category":"database","meta.client_id":"ip/","message":"Switched database connection","connection_name":"main"}
{"severity":"INFO","time":"2023-08-01T18:21:07.401Z","meta.caller_id":"Database::PartitionManagementWorker","correlation_id":"0dcea0ca28f7a852a87380a82bca9bd3","meta.root_caller_id":"Cronjob","meta.feature_category":"database","meta.client_id":"ip/","message":"Checking state of dynamic postgres partitions","table_name":"verification_codes","connection_name":"main"}
{"severity":"DEBUG","time":"2023-08-01T18:21:07.436Z","meta.caller_id":"Database::PartitionManagementWorker","correlation_id":"0dcea0ca28f7a852a87380a82bca9bd3","meta.root_caller_id":"Cronjob","meta.feature_category":"database","meta.client_id":"ip/","message":"Switched database connection","connection_name":"main"}
{"severity":"DEBUG","time":"2023-08-01T18:21:07.437Z","meta.caller_id":"Database::PartitionManagementWorker","correlation_id":"0dcea0ca28f7a852a87380a82bca9bd3","meta.root_caller_id":"Cronjob","meta.feature_category":"database","meta.client_id":"ip/","message":"Switched database connection","connection_name":"main"}
{"severity":"DEBUG","time":"2023-08-01T18:21:07.438Z","meta.caller_id":"Database::PartitionManagementWorker","correlation_id":"0dcea0ca28f7a852a87380a82bca9bd3","meta.root_caller_id":"Cronjob","meta.feature_category":"database","meta.client_id":"ip/","message":"Switched database connection","connection_name":"main"}
{"severity":"INFO","time":"2023-08-01T18:21:07.452Z","meta.caller_id":"Database::PartitionManagementWorker","correlation_id":"0dcea0ca28f7a852a87380a82bca9bd3","meta.root_caller_id":"Cronjob","meta.feature_category":"database","meta.client_id":"ip/","message":"Checking state of dynamic postgres partitions","table_name":"p_ci_runner_machine_builds","connection_name":"main"}
{"severity":"DEBUG","time":"2023-08-01T18:21:07.477Z","meta.caller_id":"Database::PartitionManagementWorker","correlation_id":"0dcea0ca28f7a852a87380a82bca9bd3","meta.root_caller_id":"Cronjob","meta.feature_category":"database","meta.client_id":"ip/","message":"Switched database connection","connection_name":"main"}
{"severity":"INFO","time":"2023-08-01T18:21:07.502Z","meta.caller_id":"Database::PartitionManagementWorker","correlation_id":"0dcea0ca28f7a852a87380a82bca9bd3","meta.root_caller_id":"Cronjob","meta.feature_category":"database","meta.client_id":"ip/","message":"Checking state of dynamic postgres partitions","table_name":"p_ci_job_annotations","connection_name":"main"}
{"severity":"DEBUG","time":"2023-08-01T18:21:07.535Z","meta.caller_id":"Database::PartitionManagementWorker","correlation_id":"0dcea0ca28f7a852a87380a82bca9bd3","meta.root_caller_id":"Cronjob","meta.feature_category":"database","meta.client_id":"ip/","message":"Switched database connection","connection_name":"main"}
{"severity":"DEBUG","time":"2023-08-01T18:21:07.536Z","meta.caller_id":"Database::PartitionManagementWorker","correlation_id":"0dcea0ca28f7a852a87380a82bca9bd3","meta.root_caller_id":"Cronjob","meta.feature_category":"database","meta.client_id":"ip/","message":"Switched database connection","connection_name":"main"}
{"severity":"DEBUG","time":"2023-08-01T18:21:07.536Z","meta.caller_id":"Database::PartitionManagementWorker","correlation_id":"0dcea0ca28f7a852a87380a82bca9bd3","meta.root_caller_id":"Cronjob","meta.feature_category":"database","meta.client_id":"ip/","message":"Switched database connection","connection_name":"main"}
{"severity":"INFO","time":"2023-08-01T18:21:07.537Z","meta.caller_id":"Database::PartitionManagementWorker","correlation_id":"0dcea0ca28f7a852a87380a82bca9bd3","meta.root_caller_id":"Cronjob","meta.feature_category":"database","meta.client_id":"ip/","message":"Finished sync of dynamic postgres partitions"}
{"severity":"DEBUG","time":"2023-08-01T18:21:07.537Z","meta.caller_id":"Database::PartitionManagementWorker","correlation_id":"0dcea0ca28f7a852a87380a82bca9bd3","meta.root_caller_id":"Cronjob","meta.feature_category":"database","meta.client_id":"ip/","message":"Switched database connection","connection_name":"main"}
{"severity":"DEBUG","time":"2023-08-01T18:21:07.554Z","meta.caller_id":"Database::PartitionManagementWorker","correlation_id":"0dcea0ca28f7a852a87380a82bca9bd3","meta.root_caller_id":"Cronjob","meta.feature_category":"database","meta.client_id":"ip/","message":"Switched database connection","connection_name":"main"}
{"severity":"DEBUG","time":"2023-08-01T18:21:07.571Z","meta.caller_id":"Database::PartitionManagementWorker","correlation_id":"0dcea0ca28f7a852a87380a82bca9bd3","meta.root_caller_id":"Cronjob","meta.feature_category":"database","meta.client_id":"ip/","message":"Switched database connection","connection_name":"main"}
{"severity":"DEBUG","time":"2023-08-01T18:21:07.579Z","meta.caller_id":"Database::PartitionManagementWorker","correlation_id":"0dcea0ca28f7a852a87380a82bca9bd3","meta.root_caller_id":"Cronjob","meta.feature_category":"database","meta.client_id":"ip/","message":"Switched database connection","connection_name":"ci"}
{"severity":"DEBUG","time":"2023-08-01T18:21:07.587Z","meta.caller_id":"Database::PartitionManagementWorker","correlation_id":"0dcea0ca28f7a852a87380a82bca9bd3","meta.root_caller_id":"Cronjob","meta.feature_category":"database","meta.client_id":"ip/","message":"Switched database connection","connection_name":"main"}
{"severity":"DEBUG","time":"2023-08-01T18:21:07.598Z","meta.caller_id":"Database::PartitionManagementWorker","correlation_id":"0dcea0ca28f7a852a87380a82bca9bd3","meta.root_caller_id":"Cronjob","meta.feature_category":"database","meta.client_id":"ip/","message":"Switched database connection","connection_name":"ci"}
{"severity":"DEBUG","time":"2023-08-01T18:21:07.608Z","meta.caller_id":"Database::PartitionManagementWorker","correlation_id":"0dcea0ca28f7a852a87380a82bca9bd3","meta.root_caller_id":"Cronjob","meta.feature_category":"database","meta.client_id":"ip/","message":"Switched database connection","connection_name":"ci"}
{"severity":"DEBUG","time":"2023-08-01T18:21:07.612Z","meta.caller_id":"Database::PartitionManagementWorker","correlation_id":"0dcea0ca28f7a852a87380a82bca9bd3","meta.root_caller_id":"Cronjob","meta.feature_category":"database","meta.client_id":"ip/","message":"Switched database connection","connection_name":"ci"}
